#
# There is insufficient memory for the Java Runtime Environment to continue.
# Native memory allocation (mmap) failed to map 67108864 bytes for Failed to commit area from 0x00000000c1600000 to 0x00000000c5600000 of length 67108864.
# Possible reasons:
#   The system is out of physical RAM or swap space
#   The process is running with CompressedOops enabled, and the Java Heap may be blocking the growth of the native heap
# Possible solutions:
#   Reduce memory load on the system
#   Increase physical memory or swap space
#   Check if swap backing store is full
#   Decrease Java heap size (-Xmx/-Xms)
#   Decrease number of Java threads
#   Decrease Java thread stack sizes (-Xss)
#   Set larger code cache with -XX:ReservedCodeCacheSize=
#   JVM is running with Unscaled Compressed Oops mode in which the Java heap is
#     placed in the first 4GB address space. The Java Heap base address is the
#     maximum limit for the native heap growth. Please use -XX:HeapBaseMinAddress
#     to set the Java Heap base and to place the Java Heap above 4GB virtual address.
# This output file may be truncated or incomplete.
#
#  Out of Memory Error (./open/src/hotspot/os/windows/os_windows.cpp:3315), pid=5148, tid=4448
#
# JRE version:  (14.0.1+7) (build )
# Java VM: Java HotSpot(TM) 64-Bit Server VM (14.0.1+7, mixed mode, sharing, tiered, compressed oops, g1 gc, windows-amd64)
# No core dump will be written. Minidumps are not enabled by default on client versions of Windows
#

---------------  S U M M A R Y ------------

Command Line: -Dclassworlds.conf=C:\Program Files\NetBeans-12.0\netbeans\java\maven\bin\..\bin\m2.conf -Dmaven.home=C:\Program Files\NetBeans-12.0\netbeans\java\maven\bin\.. -Dlibrary.jansi.path=C:\Program Files\NetBeans-12.0\netbeans\java\maven\bin\..\lib\jansi-native -Dmaven.multiModuleProjectDirectory=C:\Users\Usuario\Documents\Repositorioo\IFCT06092019C3\EM\Java\dolar org.codehaus.plexus.classworlds.launcher.Launcher -Dexec.args=-classpath %classpath Cambio -Dexec.executable=C:\Program Files\Java\jdk-14.0.1\bin\java.exe -Dmaven.ext.class.path=C:\Program Files\NetBeans-12.0\netbeans\java\maven-nblib\netbeans-eventspy.jar -Dfile.encoding=UTF-8 process-classes org.codehaus.mojo:exec-maven-plugin:1.5.0:exec

Host: Intel(R) Core(TM) i3-2120 CPU @ 3.30GHz, 4 cores, 3G,  Windows 10 , 64 bit Build 18362 (10.0.18362.900)
Time: Thu Jul  9 11:10:14 2020 Hora de verano romance elapsed time: 0 seconds (0d 0h 0m 0s)

---------------  T H R E A D  ---------------

Current thread (0x000002ab1656e800):  JavaThread "Unknown thread" [_thread_in_vm, id=4448, stack(0x000000de5d200000,0x000000de5d300000)]

Stack: [0x000000de5d200000,0x000000de5d300000]
Native frames: (J=compiled Java code, j=interpreted, Vv=VM code, C=native code)
V  [jvm.dll+0x5f840a]
V  [jvm.dll+0x741e4a]
V  [jvm.dll+0x7435ff]
V  [jvm.dll+0x743c43]
V  [jvm.dll+0x20d288]
V  [jvm.dll+0x5f57ba]
V  [jvm.dll+0x5ea615]
V  [jvm.dll+0x2c7e9c]
V  [jvm.dll+0x2c7cd2]
V  [jvm.dll+0x2cdbbc]
V  [jvm.dll+0x313ff8]
V  [jvm.dll+0x313720]
V  [jvm.dll+0x2a092a]
V  [jvm.dll+0x2a1a79]
V  [jvm.dll+0x71f718]
V  [jvm.dll+0x321c44]
V  [jvm.dll+0x700b0c]
V  [jvm.dll+0x392dff]
V  [jvm.dll+0x394e71]
C  [jli.dll+0x523b]
C  [ucrtbase.dll+0x20e82]
C  [KERNEL32.DLL+0x17bd4]
C  [ntdll.dll+0x6ce51]


---------------  P R O C E S S  ---------------

Threads class SMR info:
_java_thread_list=0x00007ffea4c53078, length=0, elements={
}

Java Threads: ( => current thread )

Other Threads:
  0x000002ab1659e800 GCTaskThread "GC Thread#0" [stack: 0x000000de5d300000,0x000000de5d400000] [id=1496]
  0x000002ab165a9800 ConcurrentGCThread "G1 Main Marker" [stack: 0x000000de5d400000,0x000000de5d500000] [id=6480]
  0x000002ab165ae000 ConcurrentGCThread "G1 Conc#0" [stack: 0x000000de5d500000,0x000000de5d600000] [id=3944]

[error occurred during error reporting (printing all threads), id 0xc0000005, EXCEPTION_ACCESS_VIOLATION (0xc0000005) at pc=0x00007ffea4481257]

VM state:not at safepoint (not fully initialized)

VM Mutex/Monitor currently owned by a thread:  ([mutex/lock_event])
[0x000002ab165699f0] Heap_lock - owner thread: 0x000002ab1656e800

Heap address: 0x00000000c1600000, size: 1002 MB, Compressed Oops mode: 32-bit
Narrow klass base: 0x0000000000000000, Narrow klass shift: 0

GC Heap History (0 events):
No events

Deoptimization events (0 events):
No events

Classes unloaded (0 events):
No events

Classes redefined (0 events):
No events

Internal exceptions (0 events):
No events

Events (2 events):
Event: 0.013 Loaded shared library C:\Program Files\Java\jdk-14.0.1\bin\java.dll
Event: 0.014 Loaded shared library C:\Program Files\Java\jdk-14.0.1\bin\zip.dll


Dynamic libraries:
0x00007ff7dc6d0000 - 0x00007ff7dc6df000 	C:\Program Files\Java\jdk-14.0.1\bin\java.exe
0x00007ffece080000 - 0x00007ffece270000 	C:\Windows\SYSTEM32\ntdll.dll
0x00007ffecc130000 - 0x00007ffecc1e2000 	C:\Windows\System32\KERNEL32.DLL
0x00007ffecb030000 - 0x00007ffecb2d4000 	C:\Windows\System32\KERNELBASE.dll
0x00007ffecbfe0000 - 0x00007ffecc0da000 	C:\Windows\System32\ucrtbase.dll
0x00007ffeb46d0000 - 0x00007ffeb46e8000 	C:\Program Files\Java\jdk-14.0.1\bin\jli.dll
0x00007ffeb7200000 - 0x00007ffeb7215000 	C:\Program Files\Java\jdk-14.0.1\bin\VCRUNTIME140.dll
0x00007ffecdca0000 - 0x00007ffecdd43000 	C:\Windows\System32\ADVAPI32.dll
0x00007ffecc390000 - 0x00007ffecc42e000 	C:\Windows\System32\msvcrt.dll
0x00007ffecdba0000 - 0x00007ffecdc37000 	C:\Windows\System32\sechost.dll
0x00007ffecd2f0000 - 0x00007ffecd410000 	C:\Windows\System32\RPCRT4.dll
0x00007ffecc1f0000 - 0x00007ffecc384000 	C:\Windows\System32\USER32.dll
0x00007ffecbf30000 - 0x00007ffecbf51000 	C:\Windows\System32\win32u.dll
0x00007ffeccb70000 - 0x00007ffeccb96000 	C:\Windows\System32\GDI32.dll
0x00007ffecbc40000 - 0x00007ffecbdd5000 	C:\Windows\System32\gdi32full.dll
0x00007ffecb420000 - 0x00007ffecb4be000 	C:\Windows\System32\msvcp_win.dll
0x00007ffec2550000 - 0x00007ffec27d4000 	C:\Windows\WinSxS\amd64_microsoft.windows.common-controls_6595b64144ccf1df_6.0.18362.900_none_e6beb9d913147d17\COMCTL32.dll
0x00007ffecc450000 - 0x00007ffecc785000 	C:\Windows\System32\combase.dll
0x00007ffecbf60000 - 0x00007ffecbfe0000 	C:\Windows\System32\bcryptPrimitives.dll
0x00007ffec46e0000 - 0x00007ffec46ea000 	C:\Windows\SYSTEM32\VERSION.dll
0x00007ffecc7f0000 - 0x00007ffecc81e000 	C:\Windows\System32\IMM32.DLL
0x00007ffeb5f00000 - 0x00007ffeb5f9b000 	C:\Program Files\Java\jdk-14.0.1\bin\msvcp140.dll
0x00007ffea41d0000 - 0x00007ffea4cee000 	C:\Program Files\Java\jdk-14.0.1\bin\server\jvm.dll
0x00007ffecdfb0000 - 0x00007ffecdfb8000 	C:\Windows\System32\PSAPI.DLL
0x00007ffec77f0000 - 0x00007ffec77f9000 	C:\Windows\SYSTEM32\WSOCK32.dll
0x00007ffecca50000 - 0x00007ffeccabf000 	C:\Windows\System32\WS2_32.dll
0x00007ffec8a50000 - 0x00007ffec8a74000 	C:\Windows\SYSTEM32\WINMM.dll
0x00007ffec8a20000 - 0x00007ffec8a4d000 	C:\Windows\SYSTEM32\WINMMBASE.dll
0x00007ffecc0e0000 - 0x00007ffecc12a000 	C:\Windows\System32\cfgmgr32.dll
0x00007ffecafa0000 - 0x00007ffecafb1000 	C:\Windows\System32\kernel.appcore.dll
0x00007ffec0200000 - 0x00007ffec020a000 	C:\Program Files\Java\jdk-14.0.1\bin\jimage.dll
0x00007ffeac0f0000 - 0x00007ffeac2e4000 	C:\Windows\SYSTEM32\DBGHELP.DLL
0x00007ffeac0c0000 - 0x00007ffeac0ea000 	C:\Windows\SYSTEM32\dbgcore.DLL
0x00007ffeb70f0000 - 0x00007ffeb7115000 	C:\Program Files\Java\jdk-14.0.1\bin\java.dll
0x00007ffeb5fe0000 - 0x00007ffeb5ff6000 	C:\Program Files\Java\jdk-14.0.1\bin\zip.dll

dbghelp: loaded successfully - version: 4.0.5 - missing functions: none
symbol engine: initialized successfully - sym options: 0x614 - pdb path: .;C:\Program Files\Java\jdk-14.0.1\bin;C:\Windows\SYSTEM32;C:\Windows\WinSxS\amd64_microsoft.windows.common-controls_6595b64144ccf1df_6.0.18362.900_none_e6beb9d913147d17;C:\Program Files\Java\jdk-14.0.1\bin\server

VM Arguments:
jvm_args: -Dclassworlds.conf=C:\Program Files\NetBeans-12.0\netbeans\java\maven\bin\..\bin\m2.conf -Dmaven.home=C:\Program Files\NetBeans-12.0\netbeans\java\maven\bin\.. -Dlibrary.jansi.path=C:\Program Files\NetBeans-12.0\netbeans\java\maven\bin\..\lib\jansi-native -Dmaven.multiModuleProjectDirectory=C:\Users\Usuario\Documents\Repositorioo\IFCT06092019C3\EM\Java\dolar 
java_command: org.codehaus.plexus.classworlds.launcher.Launcher -Dexec.args=-classpath %classpath Cambio -Dexec.executable=C:\Program Files\Java\jdk-14.0.1\bin\java.exe -Dmaven.ext.class.path=C:\Program Files\NetBeans-12.0\netbeans\java\maven-nblib\netbeans-eventspy.jar -Dfile.encoding=UTF-8 process-classes org.codehaus.mojo:exec-maven-plugin:1.5.0:exec
java_class_path (initial): C:\Program Files\NetBeans-12.0\netbeans\java\maven\bin\..\boot\plexus-classworlds-2.6.0.jar
Launcher Type: SUN_STANDARD

[Global flags]
     intx CICompilerCount                          = 3                                         {product} {ergonomic}
     uint ConcGCThreads                            = 1                                         {product} {ergonomic}
     uint G1ConcRefinementThreads                  = 4                                         {product} {ergonomic}
   size_t G1HeapRegionSize                         = 1048576                                   {product} {ergonomic}
    uintx GCDrainStackTargetSize                   = 64                                        {product} {ergonomic}
   size_t InitialHeapSize                          = 67108864                                  {product} {ergonomic}
   size_t MarkStackSize                            = 4194304                                   {product} {ergonomic}
   size_t MaxHeapSize                              = 1050673152                                {product} {ergonomic}
   size_t MinHeapDeltaBytes                        = 1048576                                   {product} {ergonomic}
   size_t MinHeapSize                              = 8388608                                   {product} {ergonomic}
    uintx NonNMethodCodeHeapSize                   = 5832780                                {pd product} {ergonomic}
    uintx NonProfiledCodeHeapSize                  = 122912730                              {pd product} {ergonomic}
    uintx ProfiledCodeHeapSize                     = 122912730                              {pd product} {ergonomic}
    uintx ReservedCodeCacheSize                    = 251658240                              {pd product} {ergonomic}
     bool SegmentedCodeCache                       = true                                      {product} {ergonomic}
   size_t SoftMaxHeapSize                          = 1050673152                             {manageable} {ergonomic}
     bool UseCompressedClassPointers               = true                                 {lp64_product} {ergonomic}
     bool UseCompressedOops                        = true                                 {lp64_product} {ergonomic}
     bool UseG1GC                                  = true                                      {product} {ergonomic}
     bool UseLargePagesIndividualAllocation        = false                                  {pd product} {ergonomic}

Logging:
Log output configuration:
 #0: stdout all=warning uptime,level,tags
 #1: stderr all=off uptime,level,tags

Environment Variables:
JAVA_HOME=C:\Program Files\Java\jdk-14.0.1
PATH=C:\Windows\system32;C:\Windows;C:\Windows\System32\Wbem;C:\Windows\System32\WindowsPowerShell\v1.0\;C:\Windows\System32\OpenSSH\;c:\MinGW\bin;C:\Program Files\VSCodium\bin;C:\Program Files\Git\cmd;C:\Users\Usuario\AppData\Local\Programs\Python\Python38\Scripts\;C:\Users\Usuario\AppData\Local\Programs\Python\Python38\;C:\Users\Usuario\AppData\Local\Microsoft\WindowsApps;C:\Users\Usuario\AppData\Local\Programs\Microsoft VS Code\bin;C:\Program Files\Java\jdk-14.0.1\bin;
USERNAME=Usuario
OS=Windows_NT
PROCESSOR_IDENTIFIER=Intel64 Family 6 Model 42 Stepping 7, GenuineIntel



---------------  S Y S T E M  ---------------

OS: Windows 10 , 64 bit Build 18362 (10.0.18362.900)
OS uptime: 0 days 23:53 hours

CPU:total 4 (initial active 4) (2 cores per cpu, 2 threads per core) family 6 model 42 stepping 7, cmov, cx8, fxsr, mmx, sse, sse2, sse3, ssse3, sse4.1, sse4.2, popcnt, avx, clmul, ht, tsc, tscinvbit

Memory: 4k page, system-wide physical 4000M (558M free)
TotalPageFile size 16288M (AvailPageFile size 6M)
current process WorkingSet (physical memory assigned to process): 10M, peak: 10M
current process commit charge ("private bytes"): 51M, peak: 115M

vm_info: Java HotSpot(TM) 64-Bit Server VM (14.0.1+7) for windows-amd64 JRE (14.0.1+7), built on Mar  5 2020 10:30:14 by "mach5one" with MS VC++ 15.9 (VS2017)

END.
